<?xml version="1.0" encoding="UTF-8"?>
<!-- Generated by org.testng.reporters.JUnitXMLReporter -->
<testsuite ignored="0" hostname="DESKTOP-LLLGMOJ" failures="1" tests="5" name="Test" time="96.027" errors="0" timestamp="13 May 2023 15:31:31 GMT">
  <testcase classname="testscripts.TestActitime_Task" name="@AfterMethod postcondition" time="40.244">
    <failure type="org.openqa.selenium.TimeoutException" message="Expected condition failed: waiting for element to be clickable: Proxy element for: DefaultElementLocator &amp;apos;By.id: loginButton&amp;apos; (tried for 20 second(s) with 500 milliseconds interval)">
      <![CDATA[org.openqa.selenium.TimeoutException: Expected condition failed: waiting for element to be clickable: Proxy element for: DefaultElementLocator 'By.id: loginButton' (tried for 20 second(s) with 500 milliseconds interval)
at org.openqa.selenium.support.ui.WebDriverWait.timeoutException(WebDriverWait.java:95)
at org.openqa.selenium.support.ui.FluentWait.until(FluentWait.java:272)
at utilities.SeleniumUtility.waitForElementToBeClickable(SeleniumUtility.java:258)
at utilities.SeleniumUtility.clickOnElement(SeleniumUtility.java:83)
at webpages.ActitimeLoginPage.clickOnLoginButton(ActitimeLoginPage.java:32)
at testscripts.TestActitime_Task.postcondition(TestActitime_Task.java:40)
Caused by: org.openqa.selenium.NoSuchElementException: no such element: Unable to locate element: {"method":"css selector","selector":"#loginButton"}
  (Session info: chrome=113.0.5672.93)
For documentation on this error, please visit: https://www.seleniumhq.org/exceptions/no_such_element.html
Build info: version: '3.141.59', revision: 'e82be7d358', time: '2018-11-14T08:17:03'
System info: host: 'DESKTOP-LLLGMOJ', ip: '192.168.1.4', os.name: 'Windows 10', os.arch: 'amd64', os.version: '10.0', java.version: '17.0.4.1'
Driver info: org.openqa.selenium.chrome.ChromeDriver
Capabilities {acceptInsecureCerts: false, browserName: chrome, browserVersion: 113.0.5672.93, chrome: {chromedriverVersion: 113.0.5672.63 (0e1a4471d5ae..., userDataDir: C:\Users\Asus\AppData\Local...}, goog:chromeOptions: {debuggerAddress: localhost:53717}, javascriptEnabled: true, networkConnectionEnabled: false, pageLoadStrategy: normal, platform: WINDOWS, platformName: WINDOWS, proxy: Proxy(), setWindowRect: true, strictFileInteractability: false, timeouts: {implicit: 0, pageLoad: 300000, script: 30000}, unhandledPromptBehavior: dismiss and notify, webauthn:extension:credBlob: true, webauthn:extension:largeBlob: true, webauthn:extension:minPinLength: true, webauthn:extension:prf: true, webauthn:virtualAuthenticators: true}
Session ID: 93fe9fe0b239698fcb82ada8bbb5b359
*** Element info: {Using=id, value=loginButton}
at org.openqa.selenium.remote.http.W3CHttpResponseCodec.createException(W3CHttpResponseCodec.java:187)
at org.openqa.selenium.remote.http.W3CHttpResponseCodec.decode(W3CHttpResponseCodec.java:122)
at org.openqa.selenium.remote.http.W3CHttpResponseCodec.decode(W3CHttpResponseCodec.java:49)
at org.openqa.selenium.remote.HttpCommandExecutor.execute(HttpCommandExecutor.java:158)
at org.openqa.selenium.remote.service.DriverCommandExecutor.execute(DriverCommandExecutor.java:83)
at org.openqa.selenium.remote.RemoteWebDriver.execute(RemoteWebDriver.java:552)
at org.openqa.selenium.remote.RemoteWebDriver.findElement(RemoteWebDriver.java:323)
at org.openqa.selenium.remote.RemoteWebDriver.findElementById(RemoteWebDriver.java:372)
at org.openqa.selenium.By$ById.findElement(By.java:188)
at org.openqa.selenium.remote.RemoteWebDriver.findElement(RemoteWebDriver.java:315)
at org.openqa.selenium.support.pagefactory.DefaultElementLocator.findElement(DefaultElementLocator.java:69)
at org.openqa.selenium.support.pagefactory.internal.LocatingElementHandler.invoke(LocatingElementHandler.java:38)
at jdk.proxy2/jdk.proxy2.$Proxy12.isDisplayed(Unknown Source)
at org.openqa.selenium.support.ui.ExpectedConditions.elementIfVisible(ExpectedConditions.java:314)
at org.openqa.selenium.support.ui.ExpectedConditions.access$000(ExpectedConditions.java:43)
at org.openqa.selenium.support.ui.ExpectedConditions$10.apply(ExpectedConditions.java:300)
at org.openqa.selenium.support.ui.ExpectedConditions$10.apply(ExpectedConditions.java:297)
at org.openqa.selenium.support.ui.ExpectedConditions$23.apply(ExpectedConditions.java:670)
at org.openqa.selenium.support.ui.ExpectedConditions$23.apply(ExpectedConditions.java:666)
at org.openqa.selenium.support.ui.FluentWait.until(FluentWait.java:249)
... 41 more
... Removed 42 stack frames]]>
    </failure>
  </testcase> <!-- @AfterMethod postcondition -->
  <testcase classname="testscripts.TestActitime_Task" name="@BeforeMethod precondition" time="0.0">
    <skipped/>
  </testcase> <!-- @BeforeMethod precondition -->
  <testcase classname="testscripts.TestActitime_Task" name="@AfterMethod postcondition" time="0.0">
    <skipped/>
  </testcase> <!-- @AfterMethod postcondition -->
  <testcase classname="testscripts.TestActitime_Task" name="@BeforeMethod precondition" time="0.0">
    <skipped/>
  </testcase> <!-- @BeforeMethod precondition -->
  <testcase classname="testscripts.TestActitime_Task" name="@AfterMethod postcondition" time="0.0">
    <skipped/>
  </testcase> <!-- @AfterMethod postcondition -->
  <testcase classname="testscripts.TestOrangeHRMLoginLogout" name="@AfterTest postCondition" time="22.545">
    <failure type="org.openqa.selenium.TimeoutException" message="Expected condition failed: waiting for element to be clickable: [[ChromeDriver: chrome on WINDOWS (ccfba8e5d903fe7e79c5cc646324f2bf)] -&amp;gt; xpath: //a[text()=&amp;apos;Logout&amp;apos;]] (tried for 20 second(s) with 500 milliseconds interval)
Build info: version: &amp;apos;3.141.59&amp;apos;, revision: &amp;apos;e82be7d358&amp;apos;, time: &amp;apos;2018-11-14T08:17:03&amp;apos;
System info: host: &amp;apos;DESKTOP-LLLGMOJ&amp;apos;, ip: &amp;apos;192.168.1.4&amp;apos;, os.name: &amp;apos;Windows 10&amp;apos;, os.arch: &amp;apos;amd64&amp;apos;, os.version: &amp;apos;10.0&amp;apos;, java.version: &amp;apos;17.0.4.1&amp;apos;
Driver info: org.openqa.selenium.chrome.ChromeDriver
Capabilities {acceptInsecureCerts: false, browserName: chrome, browserVersion: 113.0.5672.93, chrome: {chromedriverVersion: 113.0.5672.63 (0e1a4471d5ae..., userDataDir: C:\Users\Asus\AppData\Local...}, goog:chromeOptions: {debuggerAddress: localhost:53717}, javascriptEnabled: true, networkConnectionEnabled: false, pageLoadStrategy: normal, platform: WINDOWS, platformName: WINDOWS, proxy: Proxy(), setWindowRect: true, strictFileInteractability: false, timeouts: {implicit: 0, pageLoad: 300000, script: 30000}, unhandledPromptBehavior: dismiss and notify, webauthn:extension:credBlob: true, webauthn:extension:largeBlob: true, webauthn:extension:minPinLength: true, webauthn:extension:prf: true, webauthn:virtualAuthenticators: true}
Session ID: 93fe9fe0b239698fcb82ada8bbb5b359">
      <![CDATA[org.openqa.selenium.TimeoutException: Expected condition failed: waiting for element to be clickable: [[ChromeDriver: chrome on WINDOWS (ccfba8e5d903fe7e79c5cc646324f2bf)] -> xpath: //a[text()='Logout']] (tried for 20 second(s) with 500 milliseconds interval)
Build info: version: '3.141.59', revision: 'e82be7d358', time: '2018-11-14T08:17:03'
System info: host: 'DESKTOP-LLLGMOJ', ip: '192.168.1.4', os.name: 'Windows 10', os.arch: 'amd64', os.version: '10.0', java.version: '17.0.4.1'
Driver info: org.openqa.selenium.chrome.ChromeDriver
Capabilities {acceptInsecureCerts: false, browserName: chrome, browserVersion: 113.0.5672.93, chrome: {chromedriverVersion: 113.0.5672.63 (0e1a4471d5ae..., userDataDir: C:\Users\Asus\AppData\Local...}, goog:chromeOptions: {debuggerAddress: localhost:53717}, javascriptEnabled: true, networkConnectionEnabled: false, pageLoadStrategy: normal, platform: WINDOWS, platformName: WINDOWS, proxy: Proxy(), setWindowRect: true, strictFileInteractability: false, timeouts: {implicit: 0, pageLoad: 300000, script: 30000}, unhandledPromptBehavior: dismiss and notify, webauthn:extension:credBlob: true, webauthn:extension:largeBlob: true, webauthn:extension:minPinLength: true, webauthn:extension:prf: true, webauthn:virtualAuthenticators: true}
Session ID: 93fe9fe0b239698fcb82ada8bbb5b359
at org.openqa.selenium.support.ui.WebDriverWait.timeoutException(WebDriverWait.java:95)
at org.openqa.selenium.support.ui.FluentWait.until(FluentWait.java:272)
at utilities.SeleniumUtility.waitForElementToBeClickable(SeleniumUtility.java:258)
at utilities.SeleniumUtility.clickOnElement(SeleniumUtility.java:83)
at webpages.OrangeHRM_DashboardPage.logoutFromApplication(OrangeHRM_DashboardPage.java:26)
at testscripts.TestOrangeHRMLoginLogout.postCondition(TestOrangeHRMLoginLogout.java:36)
... Removed 33 stack frames]]>
    </failure>
  </testcase> <!-- @AfterTest postCondition -->
  <testcase classname="testscripts.TestActitimeLogin" name="testLoginWithValidData" time="4.988"/>
  <testcase classname="testscripts.TestActitime_Task" name="testTaskCreation" time="0.0"/>
  <testcase classname="testscripts.TestActitime_Task" name="testTaskDeletion" time="0.0">
    <skipped/>
  </testcase> <!-- testTaskDeletion -->
  <testcase classname="testscripts.TestActitime_Task" name="testTaskStatusUpdate" time="0.0">
    <skipped/>
  </testcase> <!-- testTaskStatusUpdate -->
  <testcase classname="testscripts.TestOrangeHRMLoginLogout" name="testLoginLogout" time="0.601">
    <failure type="java.lang.AssertionError" message="Home page not opened expected [true] but found [false]">
      <![CDATA[java.lang.AssertionError: Home page not opened expected [true] but found [false]
at testscripts.TestOrangeHRMLoginLogout.testLoginLogout(TestOrangeHRMLoginLogout.java:31)
... Removed 37 stack frames]]>
    </failure>
  </testcase> <!-- testLoginLogout -->
</testsuite> <!-- Test -->
